[2026-01-20 08:53:55] INFO - NumExpr defaulting to 10 threads.
[2026-01-20 08:53:56] INFO - Initiate the data ingestion
[2026-01-20 08:53:57] INFO - Fetched 11055 records from MongoDB collection 'NetworkData'
[2026-01-20 08:53:57] INFO - Splitting 11055 records into train and test sets
[2026-01-20 08:53:57] INFO - Performed train test split on the dataset
[2026-01-20 08:53:57] INFO - Created dataset directory
[2026-01-20 08:53:57] INFO - Exported train and test file
[2026-01-20 08:53:57] INFO - Data Initiation Completed
[2026-01-20 08:53:57] INFO - Initiate the data Validation
[2026-01-20 08:53:57] INFO - Required number of columns:2
[2026-01-20 08:53:57] INFO - Data frame has columns:31
[2026-01-20 08:53:57] INFO - Required number of columns:2
[2026-01-20 08:53:57] INFO - Data frame has columns:31
[2026-01-20 08:53:57] INFO - data Validation Completed
[2026-01-20 08:53:57] INFO - data Transformation started
[2026-01-20 08:56:26] INFO - NumExpr defaulting to 10 threads.
[2026-01-20 08:56:26] INFO - Initiate the data ingestion
[2026-01-20 08:56:27] INFO - Fetched 11055 records from MongoDB collection 'NetworkData'
[2026-01-20 08:56:27] INFO - Splitting 11055 records into train and test sets
[2026-01-20 08:56:27] INFO - Performed train test split on the dataset
[2026-01-20 08:56:27] INFO - Created dataset directory
[2026-01-20 08:56:27] INFO - Exported train and test file
[2026-01-20 08:56:27] INFO - Data Initiation Completed
[2026-01-20 08:56:27] INFO - Initiate the data Validation
[2026-01-20 08:56:27] INFO - Required number of columns:2
[2026-01-20 08:56:27] INFO - Data frame has columns:31
[2026-01-20 08:56:27] INFO - Required number of columns:2
[2026-01-20 08:56:27] INFO - Data frame has columns:31
[2026-01-20 08:56:27] INFO - data Validation Completed
[2026-01-20 08:56:27] INFO - data Transformation started
[2026-01-20 08:56:27] INFO - Entered initiate_data_transformation method of DataTransformation class
[2026-01-20 08:56:27] INFO - Starting data transformation
[2026-01-20 08:56:27] INFO - Entered get_data_trnasformer_object method of Trnasformation class
[2026-01-20 08:56:27] INFO - Initialise KNNImputer with {'missing_values': nan, 'n_neighbors': 3, 'weights': 'uniform'}
[2026-01-20 08:57:43] INFO - NumExpr defaulting to 10 threads.
[2026-01-20 08:57:44] INFO - Initiate the data ingestion
[2026-01-20 08:57:45] INFO - Fetched 11055 records from MongoDB collection 'NetworkData'
[2026-01-20 08:57:45] INFO - Splitting 11055 records into train and test sets
[2026-01-20 08:57:45] INFO - Performed train test split on the dataset
[2026-01-20 08:57:45] INFO - Created dataset directory
[2026-01-20 08:57:45] INFO - Exported train and test file
[2026-01-20 08:57:45] INFO - Data Initiation Completed
[2026-01-20 08:57:45] INFO - Initiate the data Validation
[2026-01-20 08:57:45] INFO - Required number of columns:2
[2026-01-20 08:57:45] INFO - Data frame has columns:31
[2026-01-20 08:57:45] INFO - Required number of columns:2
[2026-01-20 08:57:45] INFO - Data frame has columns:31
[2026-01-20 08:57:45] INFO - data Validation Completed
[2026-01-20 08:57:45] INFO - data Transformation started
[2026-01-20 08:57:45] INFO - Entered initiate_data_transformation method of DataTransformation class
[2026-01-20 08:57:45] INFO - Starting data transformation
[2026-01-20 08:57:45] INFO - Entered get_data_trnasformer_object method of Trnasformation class
[2026-01-20 08:57:45] INFO - Initialise KNNImputer with {'missing_values': nan, 'n_neighbors': 3, 'weights': 'uniform'}
[2026-01-20 08:57:45] INFO - Entered the save_object method of MainUtils class
[2026-01-20 08:57:45] INFO - Exited the save_object method of MainUtils class
[2026-01-20 08:57:45] INFO - Entered the save_object method of MainUtils class
[2026-01-20 08:57:45] INFO - Exited the save_object method of MainUtils class
[2026-01-20 08:57:45] INFO - data Transformation completed
