[2026-01-21 09:14:32] INFO - NumExpr defaulting to 10 threads.
[2026-01-21 09:15:03] INFO - NumExpr defaulting to 10 threads.
[2026-01-21 09:15:12] INFO - HTTP Request: POST https://dagshub.com/login/oauth/middleman "HTTP/1.1 200 OK"
[2026-01-21 09:15:13] INFO - HTTP Request: POST https://dagshub.com/login/oauth/access_token "HTTP/1.1 200 OK"
[2026-01-21 09:15:13] INFO - HTTP Request: GET https://dagshub.com/api/v1/user "HTTP/1.1 200 OK"
[2026-01-21 09:15:13] INFO - Accessing as huzaifa776
[2026-01-21 09:15:14] INFO - HTTP Request: GET https://dagshub.com/api/v1/repos/huzaifa776/Network-Security--End-to-End-ML-Project- "HTTP/1.1 200 OK"
[2026-01-21 09:15:14] INFO - HTTP Request: GET https://dagshub.com/api/v1/user "HTTP/1.1 200 OK"
[2026-01-21 09:15:14] INFO - Initialized MLflow to track repo "huzaifa776/Network-Security--End-to-End-ML-Project-"
[2026-01-21 09:15:14] INFO - Repository huzaifa776/Network-Security--End-to-End-ML-Project- initialized!
[2026-01-21 09:15:14] INFO - Initiate the data ingestion
[2026-01-21 09:15:16] INFO - Fetched 11055 records from MongoDB collection 'NetworkData'
[2026-01-21 09:15:16] INFO - Splitting 11055 records into train and test sets
[2026-01-21 09:15:16] INFO - Performed train test split on the dataset
[2026-01-21 09:15:16] INFO - Created dataset directory
[2026-01-21 09:15:16] INFO - Exported train and test file
[2026-01-21 09:15:16] INFO - Data Initiation Completed
[2026-01-21 09:15:16] INFO - Initiate the data Validation
[2026-01-21 09:15:16] INFO - Required number of columns:2
[2026-01-21 09:15:16] INFO - Data frame has columns:31
[2026-01-21 09:15:16] INFO - Required number of columns:2
[2026-01-21 09:15:16] INFO - Data frame has columns:31
[2026-01-21 09:15:16] INFO - data Validation Completed
[2026-01-21 09:15:16] INFO - data Transformation started
[2026-01-21 09:15:16] INFO - Entered initiate_data_transformation method of DataTransformation class
[2026-01-21 09:15:16] INFO - Starting data transformation
[2026-01-21 09:15:16] INFO - Entered get_data_trnasformer_object method of Trnasformation class
[2026-01-21 09:15:16] INFO - Initialise KNNImputer with {'missing_values': nan, 'n_neighbors': 3, 'weights': 'uniform'}
[2026-01-21 09:15:16] INFO - Entered the save_object method of MainUtils class
[2026-01-21 09:15:16] INFO - Exited the save_object method of MainUtils class
[2026-01-21 09:15:16] INFO - Entered the save_object method of MainUtils class
[2026-01-21 09:15:16] INFO - Exited the save_object method of MainUtils class
[2026-01-21 09:15:16] INFO - data Transformation completed
[2026-01-21 09:15:16] INFO - Model Training sstared
[2026-01-21 09:17:49] INFO - NumExpr defaulting to 10 threads.
[2026-01-21 09:17:51] INFO - HTTP Request: GET https://dagshub.com/api/v1/user "HTTP/1.1 200 OK"
[2026-01-21 09:17:51] INFO - Accessing as huzaifa776
[2026-01-21 09:17:51] INFO - HTTP Request: GET https://dagshub.com/api/v1/repos/huzaifa776/Network-Security--End-to-End-ML-Project- "HTTP/1.1 200 OK"
[2026-01-21 09:17:52] INFO - HTTP Request: GET https://dagshub.com/api/v1/user "HTTP/1.1 200 OK"
[2026-01-21 09:17:52] INFO - Initialized MLflow to track repo "huzaifa776/Network-Security--End-to-End-ML-Project-"
[2026-01-21 09:17:52] INFO - Repository huzaifa776/Network-Security--End-to-End-ML-Project- initialized!
[2026-01-21 09:17:52] INFO - Initiate the data ingestion
[2026-01-21 09:17:53] INFO - Fetched 11055 records from MongoDB collection 'NetworkData'
[2026-01-21 09:17:53] INFO - Splitting 11055 records into train and test sets
[2026-01-21 09:17:53] INFO - Performed train test split on the dataset
[2026-01-21 09:17:53] INFO - Created dataset directory
[2026-01-21 09:17:53] INFO - Exported train and test file
[2026-01-21 09:17:53] INFO - Data Initiation Completed
[2026-01-21 09:17:53] INFO - Initiate the data Validation
[2026-01-21 09:17:53] INFO - Required number of columns:2
[2026-01-21 09:17:53] INFO - Data frame has columns:31
[2026-01-21 09:17:53] INFO - Required number of columns:2
[2026-01-21 09:17:53] INFO - Data frame has columns:31
[2026-01-21 09:17:53] INFO - data Validation Completed
[2026-01-21 09:17:53] INFO - data Transformation started
[2026-01-21 09:17:53] INFO - Entered initiate_data_transformation method of DataTransformation class
[2026-01-21 09:17:53] INFO - Starting data transformation
[2026-01-21 09:17:53] INFO - Entered get_data_trnasformer_object method of Trnasformation class
[2026-01-21 09:17:53] INFO - Initialise KNNImputer with {'missing_values': nan, 'n_neighbors': 3, 'weights': 'uniform'}
[2026-01-21 09:17:53] INFO - Entered the save_object method of MainUtils class
[2026-01-21 09:17:53] INFO - Exited the save_object method of MainUtils class
[2026-01-21 09:17:53] INFO - Entered the save_object method of MainUtils class
[2026-01-21 09:17:53] INFO - Exited the save_object method of MainUtils class
[2026-01-21 09:17:53] INFO - data Transformation completed
[2026-01-21 09:17:53] INFO - Model Training sstared
[2026-01-21 09:20:24] INFO - Entered the save_object method of MainUtils class
[2026-01-21 09:20:24] INFO - Exited the save_object method of MainUtils class
[2026-01-21 09:20:24] INFO - Entered the save_object method of MainUtils class
[2026-01-21 09:20:24] INFO - Exited the save_object method of MainUtils class
[2026-01-21 09:20:24] INFO - Model trainer artifact: ModelTrainerArtifact(trained_model_file_path='Artifacts/01_21_2026_09_17_49/model_trainer/trained_model/model.pkl', train_metric_artifact=ClassificationMetricArtifact(f1_score=0.9915556007732221, precision_score=0.9890399837629389, recall_score=0.9940840473276213), test_metric_artifact=ClassificationMetricArtifact(f1_score=0.9691943127962085, precision_score=0.9608457321848082, recall_score=0.9776892430278884))
[2026-01-21 09:20:24] INFO - Model Training artifact created
