[2026-01-22 12:04:33] INFO - NumExpr defaulting to 10 threads.
[2026-01-22 12:04:36] INFO - HTTP Request: GET https://dagshub.com/api/v1/user "HTTP/1.1 200 OK"
[2026-01-22 12:04:36] INFO - Accessing as huzaifa776
[2026-01-22 12:04:36] INFO - HTTP Request: GET https://dagshub.com/api/v1/repos/huzaifa776/Network-Security--End-to-End-ML-Project- "HTTP/1.1 200 OK"
[2026-01-22 12:04:37] INFO - HTTP Request: GET https://dagshub.com/api/v1/user "HTTP/1.1 200 OK"
[2026-01-22 12:04:37] INFO - Initialized MLflow to track repo "huzaifa776/Network-Security--End-to-End-ML-Project-"
[2026-01-22 12:04:37] INFO - Repository huzaifa776/Network-Security--End-to-End-ML-Project- initialized!
[2026-01-22 12:04:37] ERROR - Form data requires "python-multipart" to be installed. 
You can install "python-multipart" with: 

pip install python-multipart

[2026-01-22 12:06:25] INFO - NumExpr defaulting to 10 threads.
[2026-01-22 12:06:26] INFO - HTTP Request: GET https://dagshub.com/api/v1/user "HTTP/1.1 200 OK"
[2026-01-22 12:06:26] INFO - Accessing as huzaifa776
[2026-01-22 12:06:27] INFO - HTTP Request: GET https://dagshub.com/api/v1/repos/huzaifa776/Network-Security--End-to-End-ML-Project- "HTTP/1.1 200 OK"
[2026-01-22 12:06:28] INFO - HTTP Request: GET https://dagshub.com/api/v1/user "HTTP/1.1 200 OK"
[2026-01-22 12:06:28] INFO - Initialized MLflow to track repo "huzaifa776/Network-Security--End-to-End-ML-Project-"
[2026-01-22 12:06:28] INFO - Repository huzaifa776/Network-Security--End-to-End-ML-Project- initialized!
[2026-01-22 12:22:06] INFO - NumExpr defaulting to 10 threads.
[2026-01-22 12:22:08] INFO - HTTP Request: GET https://dagshub.com/api/v1/user "HTTP/1.1 200 OK"
[2026-01-22 12:22:08] INFO - Accessing as huzaifa776
[2026-01-22 12:22:09] INFO - HTTP Request: GET https://dagshub.com/api/v1/repos/huzaifa776/Network-Security--End-to-End-ML-Project- "HTTP/1.1 200 OK"
[2026-01-22 12:22:09] INFO - HTTP Request: GET https://dagshub.com/api/v1/user "HTTP/1.1 200 OK"
[2026-01-22 12:22:09] INFO - Initialized MLflow to track repo "huzaifa776/Network-Security--End-to-End-ML-Project-"
[2026-01-22 12:22:09] INFO - Repository huzaifa776/Network-Security--End-to-End-ML-Project- initialized!
[2026-01-22 12:22:10] INFO - NumExpr defaulting to 10 threads.
[2026-01-22 12:22:11] INFO - HTTP Request: GET https://dagshub.com/api/v1/user "HTTP/1.1 200 OK"
[2026-01-22 12:22:11] INFO - Accessing as huzaifa776
[2026-01-22 12:22:12] INFO - HTTP Request: GET https://dagshub.com/api/v1/repos/huzaifa776/Network-Security--End-to-End-ML-Project- "HTTP/1.1 200 OK"
[2026-01-22 12:22:12] INFO - HTTP Request: GET https://dagshub.com/api/v1/user "HTTP/1.1 200 OK"
[2026-01-22 12:22:12] INFO - Initialized MLflow to track repo "huzaifa776/Network-Security--End-to-End-ML-Project-"
[2026-01-22 12:22:12] INFO - Repository huzaifa776/Network-Security--End-to-End-ML-Project- initialized!
[2026-01-22 12:22:12] INFO - NumExpr defaulting to 10 threads.
[2026-01-22 12:22:14] INFO - HTTP Request: GET https://dagshub.com/api/v1/user "HTTP/1.1 200 OK"
[2026-01-22 12:22:14] INFO - Accessing as huzaifa776
[2026-01-22 12:22:15] INFO - HTTP Request: GET https://dagshub.com/api/v1/repos/huzaifa776/Network-Security--End-to-End-ML-Project- "HTTP/1.1 200 OK"
[2026-01-22 12:22:15] INFO - HTTP Request: GET https://dagshub.com/api/v1/user "HTTP/1.1 200 OK"
[2026-01-22 12:22:15] INFO - Initialized MLflow to track repo "huzaifa776/Network-Security--End-to-End-ML-Project-"
[2026-01-22 12:22:15] INFO - Repository huzaifa776/Network-Security--End-to-End-ML-Project- initialized!
[2026-01-22 12:22:15] INFO - NumExpr defaulting to 10 threads.
[2026-01-22 12:22:16] INFO - NumExpr defaulting to 10 threads.
[2026-01-22 12:22:18] INFO - HTTP Request: GET https://dagshub.com/api/v1/user "HTTP/1.1 200 OK"
[2026-01-22 12:22:18] INFO - Accessing as huzaifa776
[2026-01-22 12:22:18] INFO - HTTP Request: GET https://dagshub.com/api/v1/repos/huzaifa776/Network-Security--End-to-End-ML-Project- "HTTP/1.1 200 OK"
[2026-01-22 12:22:19] INFO - HTTP Request: GET https://dagshub.com/api/v1/user "HTTP/1.1 200 OK"
[2026-01-22 12:22:19] INFO - Initialized MLflow to track repo "huzaifa776/Network-Security--End-to-End-ML-Project-"
[2026-01-22 12:22:19] INFO - Repository huzaifa776/Network-Security--End-to-End-ML-Project- initialized!
